2018-10-16 16:48:18,458 DEBUG [Forwarding newSession on session null to remote] RequestAddCookies:123 - CookieSpec selected: default
2018-10-16 16:48:18,471 DEBUG [Forwarding newSession on session null to remote] RequestAuthCache:77 - Auth cache not set in the context
2018-10-16 16:48:18,472 DEBUG [Forwarding newSession on session null to remote] PoolingHttpClientConnectionManager:265 - Connection request: [route: {}->http://localhost:14408][total kept alive: 0; route allocated: 0 of 2000; total allocated: 0 of 2000]
2018-10-16 16:48:18,484 DEBUG [Forwarding newSession on session null to remote] PoolingHttpClientConnectionManager:309 - Connection leased: [id: 0][route: {}->http://localhost:14408][total kept alive: 0; route allocated: 1 of 2000; total allocated: 1 of 2000]
2018-10-16 16:48:18,485 DEBUG [Forwarding newSession on session null to remote] MainClientExec:235 - Opening connection {}->http://localhost:14408
2018-10-16 16:48:18,486 DEBUG [Forwarding newSession on session null to remote] DefaultHttpClientConnectionOperator:139 - Connecting to localhost/127.0.0.1:14408
2018-10-16 16:48:18,487 DEBUG [Forwarding newSession on session null to remote] DefaultHttpClientConnectionOperator:146 - Connection established 127.0.0.1:63074<->127.0.0.1:14408
2018-10-16 16:48:18,488 DEBUG [Forwarding newSession on session null to remote] DefaultManagedHttpClientConnection:88 - http-outgoing-0: set socket timeout to 10800000
2018-10-16 16:48:18,488 DEBUG [Forwarding newSession on session null to remote] MainClientExec:256 - Executing request POST /session HTTP/1.1
2018-10-16 16:48:18,488 DEBUG [Forwarding newSession on session null to remote] MainClientExec:261 - Target auth state: UNCHALLENGED
2018-10-16 16:48:18,489 DEBUG [Forwarding newSession on session null to remote] MainClientExec:267 - Proxy auth state: UNCHALLENGED
2018-10-16 16:48:18,490 DEBUG [Forwarding newSession on session null to remote] headers:133 - http-outgoing-0 >> POST /session HTTP/1.1
2018-10-16 16:48:18,490 DEBUG [Forwarding newSession on session null to remote] headers:136 - http-outgoing-0 >> Content-Type: application/json; charset=utf-8
2018-10-16 16:48:18,490 DEBUG [Forwarding newSession on session null to remote] headers:136 - http-outgoing-0 >> Content-Length: 1264
2018-10-16 16:48:18,490 DEBUG [Forwarding newSession on session null to remote] headers:136 - http-outgoing-0 >> Host: localhost:14408
2018-10-16 16:48:18,490 DEBUG [Forwarding newSession on session null to remote] headers:136 - http-outgoing-0 >> Connection: Keep-Alive
2018-10-16 16:48:18,491 DEBUG [Forwarding newSession on session null to remote] headers:136 - http-outgoing-0 >> User-Agent: Apache-HttpClient/4.5.5 (Java/1.8.0_181)
2018-10-16 16:48:18,492 DEBUG [Forwarding newSession on session null to remote] headers:136 - http-outgoing-0 >> Accept-Encoding: gzip,deflate
2018-10-16 16:48:18,492 DEBUG [Forwarding newSession on session null to remote] wire:73 - http-outgoing-0 >> "POST /session HTTP/1.1[\r][\n]"
2018-10-16 16:48:18,492 DEBUG [Forwarding newSession on session null to remote] wire:73 - http-outgoing-0 >> "Content-Type: application/json; charset=utf-8[\r][\n]"
2018-10-16 16:48:18,492 DEBUG [Forwarding newSession on session null to remote] wire:73 - http-outgoing-0 >> "Content-Length: 1264[\r][\n]"
2018-10-16 16:48:18,494 DEBUG [Forwarding newSession on session null to remote] wire:73 - http-outgoing-0 >> "Host: localhost:14408[\r][\n]"
2018-10-16 16:48:18,495 DEBUG [Forwarding newSession on session null to remote] wire:73 - http-outgoing-0 >> "Connection: Keep-Alive[\r][\n]"
2018-10-16 16:48:18,495 DEBUG [Forwarding newSession on session null to remote] wire:73 - http-outgoing-0 >> "User-Agent: Apache-HttpClient/4.5.5 (Java/1.8.0_181)[\r][\n]"
2018-10-16 16:48:18,495 DEBUG [Forwarding newSession on session null to remote] wire:73 - http-outgoing-0 >> "Accept-Encoding: gzip,deflate[\r][\n]"
2018-10-16 16:48:18,496 DEBUG [Forwarding newSession on session null to remote] wire:73 - http-outgoing-0 >> "[\r][\n]"
2018-10-16 16:48:18,496 DEBUG [Forwarding newSession on session null to remote] wire:73 - http-outgoing-0 >> "{[\n]"
2018-10-16 16:48:18,496 DEBUG [Forwarding newSession on session null to remote] wire:73 - http-outgoing-0 >> "  "desiredCapabilities": {[\n]"
2018-10-16 16:48:18,496 DEBUG [Forwarding newSession on session null to remote] wire:73 - http-outgoing-0 >> "    "browserName": "chrome",[\n]"
2018-10-16 16:48:18,496 DEBUG [Forwarding newSession on session null to remote] wire:73 - http-outgoing-0 >> "    "goog:chromeOptions": {[\n]"
2018-10-16 16:48:18,497 DEBUG [Forwarding newSession on session null to remote] wire:73 - http-outgoing-0 >> "      "args": [],[\n]"
2018-10-16 16:48:18,497 DEBUG [Forwarding newSession on session null to remote] wire:73 - http-outgoing-0 >> "      "extensions": [],[\n]"
2018-10-16 16:48:18,497 DEBUG [Forwarding newSession on session null to remote] wire:73 - http-outgoing-0 >> "      "prefs": {[\n]"
2018-10-16 16:48:18,497 DEBUG [Forwarding newSession on session null to remote] wire:73 - http-outgoing-0 >> "        "profile.default_content_settings.popups": 0,[\n]"
2018-10-16 16:48:18,497 DEBUG [Forwarding newSession on session null to remote] wire:73 - http-outgoing-0 >> "        "download.default_directory": "F:\\JavaSeleniumFramework\\testngConcepts\\7c53247b-3ca3-46da-9d27-0b54b66ffee5"[\n]"
2018-10-16 16:48:18,498 DEBUG [Forwarding newSession on session null to remote] wire:73 - http-outgoing-0 >> "      }[\n]"
2018-10-16 16:48:18,498 DEBUG [Forwarding newSession on session null to remote] wire:73 - http-outgoing-0 >> "    },[\n]"
2018-10-16 16:48:18,498 DEBUG [Forwarding newSession on session null to remote] wire:73 - http-outgoing-0 >> "    "platform": "ANY",[\n]"
2018-10-16 16:48:18,498 DEBUG [Forwarding newSession on session null to remote] wire:73 - http-outgoing-0 >> "    "version": ""[\n]"
2018-10-16 16:48:18,498 DEBUG [Forwarding newSession on session null to remote] wire:73 - http-outgoing-0 >> "  },[\n]"
2018-10-16 16:48:18,498 DEBUG [Forwarding newSession on session null to remote] wire:73 - http-outgoing-0 >> "  "requiredCapabilities": {},[\n]"
2018-10-16 16:48:18,499 DEBUG [Forwarding newSession on session null to remote] wire:73 - http-outgoing-0 >> "  "capabilities": {[\n]"
2018-10-16 16:48:18,499 DEBUG [Forwarding newSession on session null to remote] wire:73 - http-outgoing-0 >> "    "desiredCapabilities": {[\n]"
2018-10-16 16:48:18,499 DEBUG [Forwarding newSession on session null to remote] wire:73 - http-outgoing-0 >> "      "browserName": "chrome",[\n]"
2018-10-16 16:48:18,499 DEBUG [Forwarding newSession on session null to remote] wire:73 - http-outgoing-0 >> "      "goog:chromeOptions": {[\n]"
2018-10-16 16:48:18,499 DEBUG [Forwarding newSession on session null to remote] wire:73 - http-outgoing-0 >> "        "args": [],[\n]"
2018-10-16 16:48:18,500 DEBUG [Forwarding newSession on session null to remote] wire:73 - http-outgoing-0 >> "        "extensions": [],[\n]"
2018-10-16 16:48:18,500 DEBUG [Forwarding newSession on session null to remote] wire:73 - http-outgoing-0 >> "        "prefs": {[\n]"
2018-10-16 16:48:18,500 DEBUG [Forwarding newSession on session null to remote] wire:73 - http-outgoing-0 >> "          "profile.default_content_settings.popups": 0,[\n]"
2018-10-16 16:48:18,500 DEBUG [Forwarding newSession on session null to remote] wire:73 - http-outgoing-0 >> "          "download.default_directory": "F:\\JavaSeleniumFramework\\testngConcepts\\7c53247b-3ca3-46da-9d27-0b54b66ffee5"[\n]"
2018-10-16 16:48:18,500 DEBUG [Forwarding newSession on session null to remote] wire:73 - http-outgoing-0 >> "        }[\n]"
2018-10-16 16:48:18,500 DEBUG [Forwarding newSession on session null to remote] wire:73 - http-outgoing-0 >> "      },[\n]"
2018-10-16 16:48:18,501 DEBUG [Forwarding newSession on session null to remote] wire:73 - http-outgoing-0 >> "      "platform": "ANY",[\n]"
2018-10-16 16:48:18,501 DEBUG [Forwarding newSession on session null to remote] wire:73 - http-outgoing-0 >> "      "version": ""[\n]"
2018-10-16 16:48:18,501 DEBUG [Forwarding newSession on session null to remote] wire:73 - http-outgoing-0 >> "    },[\n]"
2018-10-16 16:48:18,501 DEBUG [Forwarding newSession on session null to remote] wire:73 - http-outgoing-0 >> "    "requiredCapabilities": {},[\n]"
2018-10-16 16:48:18,501 DEBUG [Forwarding newSession on session null to remote] wire:73 - http-outgoing-0 >> "    "alwaysMatch": {[\n]"
2018-10-16 16:48:18,501 DEBUG [Forwarding newSession on session null to remote] wire:73 - http-outgoing-0 >> "      "goog:chromeOptions": {[\n]"
2018-10-16 16:48:18,502 DEBUG [Forwarding newSession on session null to remote] wire:73 - http-outgoing-0 >> "        "args": [],[\n]"
2018-10-16 16:48:18,502 DEBUG [Forwarding newSession on session null to remote] wire:73 - http-outgoing-0 >> "        "extensions": [],[\n]"
2018-10-16 16:48:18,502 DEBUG [Forwarding newSession on session null to remote] wire:73 - http-outgoing-0 >> "        "prefs": {[\n]"
2018-10-16 16:48:18,502 DEBUG [Forwarding newSession on session null to remote] wire:73 - http-outgoing-0 >> "          "profile.default_content_settings.popups": 0,[\n]"
2018-10-16 16:48:18,502 DEBUG [Forwarding newSession on session null to remote] wire:73 - http-outgoing-0 >> "          "download.default_directory": "F:\\JavaSeleniumFramework\\testngConcepts\\7c53247b-3ca3-46da-9d27-0b54b66ffee5"[\n]"
2018-10-16 16:48:18,502 DEBUG [Forwarding newSession on session null to remote] wire:73 - http-outgoing-0 >> "        }[\n]"
2018-10-16 16:48:18,503 DEBUG [Forwarding newSession on session null to remote] wire:73 - http-outgoing-0 >> "      }[\n]"
2018-10-16 16:48:18,503 DEBUG [Forwarding newSession on session null to remote] wire:73 - http-outgoing-0 >> "    },[\n]"
2018-10-16 16:48:18,503 DEBUG [Forwarding newSession on session null to remote] wire:73 - http-outgoing-0 >> "    "firstMatch": [[\n]"
2018-10-16 16:48:18,503 DEBUG [Forwarding newSession on session null to remote] wire:73 - http-outgoing-0 >> "      {[\n]"
2018-10-16 16:48:18,503 DEBUG [Forwarding newSession on session null to remote] wire:73 - http-outgoing-0 >> "        "browserName": "chrome"[\n]"
2018-10-16 16:48:18,503 DEBUG [Forwarding newSession on session null to remote] wire:73 - http-outgoing-0 >> "      }[\n]"
2018-10-16 16:48:18,504 DEBUG [Forwarding newSession on session null to remote] wire:73 - http-outgoing-0 >> "    ][\n]"
2018-10-16 16:48:18,504 DEBUG [Forwarding newSession on session null to remote] wire:73 - http-outgoing-0 >> "  }[\n]"
2018-10-16 16:48:18,504 DEBUG [Forwarding newSession on session null to remote] wire:87 - http-outgoing-0 >> "}"
2018-10-16 16:48:20,177 DEBUG [Forwarding newSession on session null to remote] wire:73 - http-outgoing-0 << "HTTP/1.1 200 OK[\r][\n]"
2018-10-16 16:48:20,177 DEBUG [Forwarding newSession on session null to remote] wire:73 - http-outgoing-0 << "Content-Length:894[\r][\n]"
2018-10-16 16:48:20,177 DEBUG [Forwarding newSession on session null to remote] wire:73 - http-outgoing-0 << "Content-Type:application/json; charset=utf-8[\r][\n]"
2018-10-16 16:48:20,178 DEBUG [Forwarding newSession on session null to remote] wire:73 - http-outgoing-0 << "[\r][\n]"
2018-10-16 16:48:20,178 DEBUG [Forwarding newSession on session null to remote] wire:87 - http-outgoing-0 << "{"sessionId":"9d0f352a3de09e8717b146dbba9c9a27","status":0,"value":{"acceptInsecureCerts":false,"acceptSslCerts":false,"applicationCacheEnabled":false,"browserConnectionEnabled":false,"browserName":"chrome","chrome":{"chromedriverVersion":"2.42.591088 (7b2b2dca23cca0862f674758c9a3933e685c27d5)","userDataDir":"C:\\Users\\AA3F9~1.SEE\\AppData\\Local\\Temp\\scoped_dir4876_32091"},"cssSelectorsEnabled":true,"databaseEnabled":false,"goog:chromeOptions":{"debuggerAddress":"localhost:63075"},"handlesAlerts":true,"hasTouchScreen":false,"javascriptEnabled":true,"locationContextEnabled":true,"mobileEmulationEnabled":false,"nativeEvents":true,"networkConnectionEnabled":false,"pageLoadStrategy":"normal","platform":"Windows NT","rotatable":false,"setWindowRect":true,"takesHeapSnapshot":true,"takesScreenshot":true,"unexpectedAlertBehaviour":"","version":"69.0.3497.100","webStorageEnabled":true}}"
2018-10-16 16:48:20,182 DEBUG [Forwarding newSession on session null to remote] headers:122 - http-outgoing-0 << HTTP/1.1 200 OK
2018-10-16 16:48:20,182 DEBUG [Forwarding newSession on session null to remote] headers:125 - http-outgoing-0 << Content-Length:894
2018-10-16 16:48:20,182 DEBUG [Forwarding newSession on session null to remote] headers:125 - http-outgoing-0 << Content-Type:application/json; charset=utf-8
2018-10-16 16:48:20,187 DEBUG [Forwarding newSession on session null to remote] MainClientExec:285 - Connection can be kept alive indefinitely
2018-10-16 16:48:20,191 DEBUG [Forwarding newSession on session null to remote] PoolingHttpClientConnectionManager:341 - Connection [id: 0][route: {}->http://localhost:14408] can be kept alive indefinitely
2018-10-16 16:48:20,191 DEBUG [Forwarding newSession on session null to remote] DefaultManagedHttpClientConnection:88 - http-outgoing-0: set socket timeout to 0
2018-10-16 16:48:20,191 DEBUG [Forwarding newSession on session null to remote] PoolingHttpClientConnectionManager:348 - Connection released: [id: 0][route: {}->http://localhost:14408][total kept alive: 1; route allocated: 1 of 2000; total allocated: 1 of 2000]
2018-10-16 16:48:20,234 DEBUG [Forwarding maximizeCurrentWindow on session 9d0f352a3de09e8717b146dbba9c9a27 to remote] RequestAddCookies:123 - CookieSpec selected: default
2018-10-16 16:48:20,235 DEBUG [Forwarding maximizeCurrentWindow on session 9d0f352a3de09e8717b146dbba9c9a27 to remote] RequestAuthCache:77 - Auth cache not set in the context
2018-10-16 16:48:20,235 DEBUG [Forwarding maximizeCurrentWindow on session 9d0f352a3de09e8717b146dbba9c9a27 to remote] PoolingHttpClientConnectionManager:265 - Connection request: [route: {}->http://localhost:14408][total kept alive: 1; route allocated: 1 of 2000; total allocated: 1 of 2000]
2018-10-16 16:48:20,235 DEBUG [Forwarding maximizeCurrentWindow on session 9d0f352a3de09e8717b146dbba9c9a27 to remote] PoolingHttpClientConnectionManager:309 - Connection leased: [id: 0][route: {}->http://localhost:14408][total kept alive: 0; route allocated: 1 of 2000; total allocated: 1 of 2000]
2018-10-16 16:48:20,236 DEBUG [Forwarding maximizeCurrentWindow on session 9d0f352a3de09e8717b146dbba9c9a27 to remote] DefaultManagedHttpClientConnection:88 - http-outgoing-0: set socket timeout to 0
2018-10-16 16:48:20,236 DEBUG [Forwarding maximizeCurrentWindow on session 9d0f352a3de09e8717b146dbba9c9a27 to remote] MainClientExec:208 - Stale connection check
2018-10-16 16:48:20,237 DEBUG [Forwarding maximizeCurrentWindow on session 9d0f352a3de09e8717b146dbba9c9a27 to remote] wire:87 - http-outgoing-0 << "[read] I/O error: Read timed out"
2018-10-16 16:48:20,237 DEBUG [Forwarding maximizeCurrentWindow on session 9d0f352a3de09e8717b146dbba9c9a27 to remote] DefaultManagedHttpClientConnection:88 - http-outgoing-0: set socket timeout to 10800000
2018-10-16 16:48:20,237 DEBUG [Forwarding maximizeCurrentWindow on session 9d0f352a3de09e8717b146dbba9c9a27 to remote] MainClientExec:256 - Executing request POST /session/9d0f352a3de09e8717b146dbba9c9a27/window/current/maximize HTTP/1.1
2018-10-16 16:48:20,237 DEBUG [Forwarding maximizeCurrentWindow on session 9d0f352a3de09e8717b146dbba9c9a27 to remote] MainClientExec:261 - Target auth state: UNCHALLENGED
2018-10-16 16:48:20,237 DEBUG [Forwarding maximizeCurrentWindow on session 9d0f352a3de09e8717b146dbba9c9a27 to remote] MainClientExec:267 - Proxy auth state: UNCHALLENGED
2018-10-16 16:48:20,238 DEBUG [Forwarding maximizeCurrentWindow on session 9d0f352a3de09e8717b146dbba9c9a27 to remote] headers:133 - http-outgoing-0 >> POST /session/9d0f352a3de09e8717b146dbba9c9a27/window/current/maximize HTTP/1.1
2018-10-16 16:48:20,238 DEBUG [Forwarding maximizeCurrentWindow on session 9d0f352a3de09e8717b146dbba9c9a27 to remote] headers:136 - http-outgoing-0 >> Content-Type: application/json; charset=utf-8
2018-10-16 16:48:20,238 DEBUG [Forwarding maximizeCurrentWindow on session 9d0f352a3de09e8717b146dbba9c9a27 to remote] headers:136 - http-outgoing-0 >> Content-Length: 45
2018-10-16 16:48:20,238 DEBUG [Forwarding maximizeCurrentWindow on session 9d0f352a3de09e8717b146dbba9c9a27 to remote] headers:136 - http-outgoing-0 >> Host: localhost:14408
2018-10-16 16:48:20,238 DEBUG [Forwarding maximizeCurrentWindow on session 9d0f352a3de09e8717b146dbba9c9a27 to remote] headers:136 - http-outgoing-0 >> Connection: Keep-Alive
2018-10-16 16:48:20,239 DEBUG [Forwarding maximizeCurrentWindow on session 9d0f352a3de09e8717b146dbba9c9a27 to remote] headers:136 - http-outgoing-0 >> User-Agent: Apache-HttpClient/4.5.5 (Java/1.8.0_181)
2018-10-16 16:48:20,239 DEBUG [Forwarding maximizeCurrentWindow on session 9d0f352a3de09e8717b146dbba9c9a27 to remote] headers:136 - http-outgoing-0 >> Accept-Encoding: gzip,deflate
2018-10-16 16:48:20,239 DEBUG [Forwarding maximizeCurrentWindow on session 9d0f352a3de09e8717b146dbba9c9a27 to remote] wire:73 - http-outgoing-0 >> "POST /session/9d0f352a3de09e8717b146dbba9c9a27/window/current/maximize HTTP/1.1[\r][\n]"
2018-10-16 16:48:20,239 DEBUG [Forwarding maximizeCurrentWindow on session 9d0f352a3de09e8717b146dbba9c9a27 to remote] wire:73 - http-outgoing-0 >> "Content-Type: application/json; charset=utf-8[\r][\n]"
2018-10-16 16:48:20,239 DEBUG [Forwarding maximizeCurrentWindow on session 9d0f352a3de09e8717b146dbba9c9a27 to remote] wire:73 - http-outgoing-0 >> "Content-Length: 45[\r][\n]"
2018-10-16 16:48:20,239 DEBUG [Forwarding maximizeCurrentWindow on session 9d0f352a3de09e8717b146dbba9c9a27 to remote] wire:73 - http-outgoing-0 >> "Host: localhost:14408[\r][\n]"
2018-10-16 16:48:20,239 DEBUG [Forwarding maximizeCurrentWindow on session 9d0f352a3de09e8717b146dbba9c9a27 to remote] wire:73 - http-outgoing-0 >> "Connection: Keep-Alive[\r][\n]"
2018-10-16 16:48:20,240 DEBUG [Forwarding maximizeCurrentWindow on session 9d0f352a3de09e8717b146dbba9c9a27 to remote] wire:73 - http-outgoing-0 >> "User-Agent: Apache-HttpClient/4.5.5 (Java/1.8.0_181)[\r][\n]"
2018-10-16 16:48:20,240 DEBUG [Forwarding maximizeCurrentWindow on session 9d0f352a3de09e8717b146dbba9c9a27 to remote] wire:73 - http-outgoing-0 >> "Accept-Encoding: gzip,deflate[\r][\n]"
2018-10-16 16:48:20,240 DEBUG [Forwarding maximizeCurrentWindow on session 9d0f352a3de09e8717b146dbba9c9a27 to remote] wire:73 - http-outgoing-0 >> "[\r][\n]"
2018-10-16 16:48:20,240 DEBUG [Forwarding maximizeCurrentWindow on session 9d0f352a3de09e8717b146dbba9c9a27 to remote] wire:87 - http-outgoing-0 >> "{"windowHandle":"current","handle":"current"}"
2018-10-16 16:48:21,385 DEBUG [Forwarding maximizeCurrentWindow on session 9d0f352a3de09e8717b146dbba9c9a27 to remote] wire:73 - http-outgoing-0 << "HTTP/1.1 200 OK[\r][\n]"
2018-10-16 16:48:21,385 DEBUG [Forwarding maximizeCurrentWindow on session 9d0f352a3de09e8717b146dbba9c9a27 to remote] wire:73 - http-outgoing-0 << "Content-Length:110[\r][\n]"
2018-10-16 16:48:21,385 DEBUG [Forwarding maximizeCurrentWindow on session 9d0f352a3de09e8717b146dbba9c9a27 to remote] wire:73 - http-outgoing-0 << "Content-Type:application/json; charset=utf-8[\r][\n]"
2018-10-16 16:48:21,386 DEBUG [Forwarding maximizeCurrentWindow on session 9d0f352a3de09e8717b146dbba9c9a27 to remote] wire:73 - http-outgoing-0 << "[\r][\n]"
2018-10-16 16:48:21,386 DEBUG [Forwarding maximizeCurrentWindow on session 9d0f352a3de09e8717b146dbba9c9a27 to remote] wire:87 - http-outgoing-0 << "{"sessionId":"9d0f352a3de09e8717b146dbba9c9a27","status":0,"value":{"height":1056,"width":1936,"x":-8,"y":-8}}"
2018-10-16 16:48:21,386 DEBUG [Forwarding maximizeCurrentWindow on session 9d0f352a3de09e8717b146dbba9c9a27 to remote] headers:122 - http-outgoing-0 << HTTP/1.1 200 OK
2018-10-16 16:48:21,386 DEBUG [Forwarding maximizeCurrentWindow on session 9d0f352a3de09e8717b146dbba9c9a27 to remote] headers:125 - http-outgoing-0 << Content-Length:110
2018-10-16 16:48:21,386 DEBUG [Forwarding maximizeCurrentWindow on session 9d0f352a3de09e8717b146dbba9c9a27 to remote] headers:125 - http-outgoing-0 << Content-Type:application/json; charset=utf-8
2018-10-16 16:48:21,386 DEBUG [Forwarding maximizeCurrentWindow on session 9d0f352a3de09e8717b146dbba9c9a27 to remote] MainClientExec:285 - Connection can be kept alive indefinitely
2018-10-16 16:48:21,387 DEBUG [Forwarding maximizeCurrentWindow on session 9d0f352a3de09e8717b146dbba9c9a27 to remote] PoolingHttpClientConnectionManager:341 - Connection [id: 0][route: {}->http://localhost:14408] can be kept alive indefinitely
2018-10-16 16:48:21,387 DEBUG [Forwarding maximizeCurrentWindow on session 9d0f352a3de09e8717b146dbba9c9a27 to remote] DefaultManagedHttpClientConnection:88 - http-outgoing-0: set socket timeout to 0
2018-10-16 16:48:21,387 DEBUG [Forwarding maximizeCurrentWindow on session 9d0f352a3de09e8717b146dbba9c9a27 to remote] PoolingHttpClientConnectionManager:348 - Connection released: [id: 0][route: {}->http://localhost:14408][total kept alive: 1; route allocated: 1 of 2000; total allocated: 1 of 2000]
2018-10-16 16:48:21,390 DEBUG [Forwarding deleteAllCookies on session 9d0f352a3de09e8717b146dbba9c9a27 to remote] RequestAddCookies:123 - CookieSpec selected: default
2018-10-16 16:48:21,391 DEBUG [Forwarding deleteAllCookies on session 9d0f352a3de09e8717b146dbba9c9a27 to remote] RequestAuthCache:77 - Auth cache not set in the context
2018-10-16 16:48:21,391 DEBUG [Forwarding deleteAllCookies on session 9d0f352a3de09e8717b146dbba9c9a27 to remote] PoolingHttpClientConnectionManager:265 - Connection request: [route: {}->http://localhost:14408][total kept alive: 1; route allocated: 1 of 2000; total allocated: 1 of 2000]
2018-10-16 16:48:21,391 DEBUG [Forwarding deleteAllCookies on session 9d0f352a3de09e8717b146dbba9c9a27 to remote] PoolingHttpClientConnectionManager:309 - Connection leased: [id: 0][route: {}->http://localhost:14408][total kept alive: 0; route allocated: 1 of 2000; total allocated: 1 of 2000]
2018-10-16 16:48:21,391 DEBUG [Forwarding deleteAllCookies on session 9d0f352a3de09e8717b146dbba9c9a27 to remote] DefaultManagedHttpClientConnection:88 - http-outgoing-0: set socket timeout to 0
2018-10-16 16:48:21,391 DEBUG [Forwarding deleteAllCookies on session 9d0f352a3de09e8717b146dbba9c9a27 to remote] MainClientExec:208 - Stale connection check
2018-10-16 16:48:21,392 DEBUG [Forwarding deleteAllCookies on session 9d0f352a3de09e8717b146dbba9c9a27 to remote] wire:87 - http-outgoing-0 << "[read] I/O error: Read timed out"
2018-10-16 16:48:21,392 DEBUG [Forwarding deleteAllCookies on session 9d0f352a3de09e8717b146dbba9c9a27 to remote] DefaultManagedHttpClientConnection:88 - http-outgoing-0: set socket timeout to 10800000
2018-10-16 16:48:21,392 DEBUG [Forwarding deleteAllCookies on session 9d0f352a3de09e8717b146dbba9c9a27 to remote] MainClientExec:256 - Executing request DELETE /session/9d0f352a3de09e8717b146dbba9c9a27/cookie HTTP/1.1
2018-10-16 16:48:21,392 DEBUG [Forwarding deleteAllCookies on session 9d0f352a3de09e8717b146dbba9c9a27 to remote] MainClientExec:261 - Target auth state: UNCHALLENGED
2018-10-16 16:48:21,392 DEBUG [Forwarding deleteAllCookies on session 9d0f352a3de09e8717b146dbba9c9a27 to remote] MainClientExec:267 - Proxy auth state: UNCHALLENGED
2018-10-16 16:48:21,392 DEBUG [Forwarding deleteAllCookies on session 9d0f352a3de09e8717b146dbba9c9a27 to remote] headers:133 - http-outgoing-0 >> DELETE /session/9d0f352a3de09e8717b146dbba9c9a27/cookie HTTP/1.1
2018-10-16 16:48:21,392 DEBUG [Forwarding deleteAllCookies on session 9d0f352a3de09e8717b146dbba9c9a27 to remote] headers:136 - http-outgoing-0 >> Host: localhost:14408
2018-10-16 16:48:21,393 DEBUG [Forwarding deleteAllCookies on session 9d0f352a3de09e8717b146dbba9c9a27 to remote] headers:136 - http-outgoing-0 >> Connection: Keep-Alive
2018-10-16 16:48:21,393 DEBUG [Forwarding deleteAllCookies on session 9d0f352a3de09e8717b146dbba9c9a27 to remote] headers:136 - http-outgoing-0 >> User-Agent: Apache-HttpClient/4.5.5 (Java/1.8.0_181)
2018-10-16 16:48:21,393 DEBUG [Forwarding deleteAllCookies on session 9d0f352a3de09e8717b146dbba9c9a27 to remote] headers:136 - http-outgoing-0 >> Accept-Encoding: gzip,deflate
2018-10-16 16:48:21,393 DEBUG [Forwarding deleteAllCookies on session 9d0f352a3de09e8717b146dbba9c9a27 to remote] wire:73 - http-outgoing-0 >> "DELETE /session/9d0f352a3de09e8717b146dbba9c9a27/cookie HTTP/1.1[\r][\n]"
2018-10-16 16:48:21,393 DEBUG [Forwarding deleteAllCookies on session 9d0f352a3de09e8717b146dbba9c9a27 to remote] wire:73 - http-outgoing-0 >> "Host: localhost:14408[\r][\n]"
2018-10-16 16:48:21,393 DEBUG [Forwarding deleteAllCookies on session 9d0f352a3de09e8717b146dbba9c9a27 to remote] wire:73 - http-outgoing-0 >> "Connection: Keep-Alive[\r][\n]"
2018-10-16 16:48:21,393 DEBUG [Forwarding deleteAllCookies on session 9d0f352a3de09e8717b146dbba9c9a27 to remote] wire:73 - http-outgoing-0 >> "User-Agent: Apache-HttpClient/4.5.5 (Java/1.8.0_181)[\r][\n]"
2018-10-16 16:48:21,394 DEBUG [Forwarding deleteAllCookies on session 9d0f352a3de09e8717b146dbba9c9a27 to remote] wire:73 - http-outgoing-0 >> "Accept-Encoding: gzip,deflate[\r][\n]"
2018-10-16 16:48:21,394 DEBUG [Forwarding deleteAllCookies on session 9d0f352a3de09e8717b146dbba9c9a27 to remote] wire:73 - http-outgoing-0 >> "[\r][\n]"
2018-10-16 16:48:21,421 DEBUG [Forwarding deleteAllCookies on session 9d0f352a3de09e8717b146dbba9c9a27 to remote] wire:73 - http-outgoing-0 << "HTTP/1.1 200 OK[\r][\n]"
2018-10-16 16:48:21,421 DEBUG [Forwarding deleteAllCookies on session 9d0f352a3de09e8717b146dbba9c9a27 to remote] wire:73 - http-outgoing-0 << "Content-Length:72[\r][\n]"
2018-10-16 16:48:21,421 DEBUG [Forwarding deleteAllCookies on session 9d0f352a3de09e8717b146dbba9c9a27 to remote] wire:73 - http-outgoing-0 << "Content-Type:application/json; charset=utf-8[\r][\n]"
2018-10-16 16:48:21,422 DEBUG [Forwarding deleteAllCookies on session 9d0f352a3de09e8717b146dbba9c9a27 to remote] wire:73 - http-outgoing-0 << "[\r][\n]"
2018-10-16 16:48:21,422 DEBUG [Forwarding deleteAllCookies on session 9d0f352a3de09e8717b146dbba9c9a27 to remote] wire:87 - http-outgoing-0 << "{"sessionId":"9d0f352a3de09e8717b146dbba9c9a27","status":0,"value":null}"
2018-10-16 16:48:21,422 DEBUG [Forwarding deleteAllCookies on session 9d0f352a3de09e8717b146dbba9c9a27 to remote] headers:122 - http-outgoing-0 << HTTP/1.1 200 OK
2018-10-16 16:48:21,422 DEBUG [Forwarding deleteAllCookies on session 9d0f352a3de09e8717b146dbba9c9a27 to remote] headers:125 - http-outgoing-0 << Content-Length:72
2018-10-16 16:48:21,422 DEBUG [Forwarding deleteAllCookies on session 9d0f352a3de09e8717b146dbba9c9a27 to remote] headers:125 - http-outgoing-0 << Content-Type:application/json; charset=utf-8
2018-10-16 16:48:21,422 DEBUG [Forwarding deleteAllCookies on session 9d0f352a3de09e8717b146dbba9c9a27 to remote] MainClientExec:285 - Connection can be kept alive indefinitely
2018-10-16 16:48:21,423 DEBUG [Forwarding deleteAllCookies on session 9d0f352a3de09e8717b146dbba9c9a27 to remote] PoolingHttpClientConnectionManager:341 - Connection [id: 0][route: {}->http://localhost:14408] can be kept alive indefinitely
2018-10-16 16:48:21,423 DEBUG [Forwarding deleteAllCookies on session 9d0f352a3de09e8717b146dbba9c9a27 to remote] DefaultManagedHttpClientConnection:88 - http-outgoing-0: set socket timeout to 0
2018-10-16 16:48:21,423 DEBUG [Forwarding deleteAllCookies on session 9d0f352a3de09e8717b146dbba9c9a27 to remote] PoolingHttpClientConnectionManager:348 - Connection released: [id: 0][route: {}->http://localhost:14408][total kept alive: 1; route allocated: 1 of 2000; total allocated: 1 of 2000]
2018-10-16 16:48:21,425 DEBUG [Forwarding setTimeout on session 9d0f352a3de09e8717b146dbba9c9a27 to remote] RequestAddCookies:123 - CookieSpec selected: default
2018-10-16 16:48:21,425 DEBUG [Forwarding setTimeout on session 9d0f352a3de09e8717b146dbba9c9a27 to remote] RequestAuthCache:77 - Auth cache not set in the context
2018-10-16 16:48:21,425 DEBUG [Forwarding setTimeout on session 9d0f352a3de09e8717b146dbba9c9a27 to remote] PoolingHttpClientConnectionManager:265 - Connection request: [route: {}->http://localhost:14408][total kept alive: 1; route allocated: 1 of 2000; total allocated: 1 of 2000]
2018-10-16 16:48:21,425 DEBUG [Forwarding setTimeout on session 9d0f352a3de09e8717b146dbba9c9a27 to remote] PoolingHttpClientConnectionManager:309 - Connection leased: [id: 0][route: {}->http://localhost:14408][total kept alive: 0; route allocated: 1 of 2000; total allocated: 1 of 2000]
2018-10-16 16:48:21,425 DEBUG [Forwarding setTimeout on session 9d0f352a3de09e8717b146dbba9c9a27 to remote] DefaultManagedHttpClientConnection:88 - http-outgoing-0: set socket timeout to 0
2018-10-16 16:48:21,426 DEBUG [Forwarding setTimeout on session 9d0f352a3de09e8717b146dbba9c9a27 to remote] MainClientExec:208 - Stale connection check
2018-10-16 16:48:21,428 DEBUG [Forwarding setTimeout on session 9d0f352a3de09e8717b146dbba9c9a27 to remote] wire:87 - http-outgoing-0 << "[read] I/O error: Read timed out"
2018-10-16 16:48:21,428 DEBUG [Forwarding setTimeout on session 9d0f352a3de09e8717b146dbba9c9a27 to remote] DefaultManagedHttpClientConnection:88 - http-outgoing-0: set socket timeout to 10800000
2018-10-16 16:48:21,428 DEBUG [Forwarding setTimeout on session 9d0f352a3de09e8717b146dbba9c9a27 to remote] MainClientExec:256 - Executing request POST /session/9d0f352a3de09e8717b146dbba9c9a27/timeouts HTTP/1.1
2018-10-16 16:48:21,428 DEBUG [Forwarding setTimeout on session 9d0f352a3de09e8717b146dbba9c9a27 to remote] MainClientExec:261 - Target auth state: UNCHALLENGED
2018-10-16 16:48:21,428 DEBUG [Forwarding setTimeout on session 9d0f352a3de09e8717b146dbba9c9a27 to remote] MainClientExec:267 - Proxy auth state: UNCHALLENGED
2018-10-16 16:48:21,429 DEBUG [Forwarding setTimeout on session 9d0f352a3de09e8717b146dbba9c9a27 to remote] headers:133 - http-outgoing-0 >> POST /session/9d0f352a3de09e8717b146dbba9c9a27/timeouts HTTP/1.1
2018-10-16 16:48:21,429 DEBUG [Forwarding setTimeout on session 9d0f352a3de09e8717b146dbba9c9a27 to remote] headers:136 - http-outgoing-0 >> Content-Type: application/json; charset=utf-8
2018-10-16 16:48:21,429 DEBUG [Forwarding setTimeout on session 9d0f352a3de09e8717b146dbba9c9a27 to remote] headers:136 - http-outgoing-0 >> Content-Length: 31
2018-10-16 16:48:21,429 DEBUG [Forwarding setTimeout on session 9d0f352a3de09e8717b146dbba9c9a27 to remote] headers:136 - http-outgoing-0 >> Host: localhost:14408
2018-10-16 16:48:21,429 DEBUG [Forwarding setTimeout on session 9d0f352a3de09e8717b146dbba9c9a27 to remote] headers:136 - http-outgoing-0 >> Connection: Keep-Alive
2018-10-16 16:48:21,429 DEBUG [Forwarding setTimeout on session 9d0f352a3de09e8717b146dbba9c9a27 to remote] headers:136 - http-outgoing-0 >> User-Agent: Apache-HttpClient/4.5.5 (Java/1.8.0_181)
2018-10-16 16:48:21,429 DEBUG [Forwarding setTimeout on session 9d0f352a3de09e8717b146dbba9c9a27 to remote] headers:136 - http-outgoing-0 >> Accept-Encoding: gzip,deflate
2018-10-16 16:48:21,430 DEBUG [Forwarding setTimeout on session 9d0f352a3de09e8717b146dbba9c9a27 to remote] wire:73 - http-outgoing-0 >> "POST /session/9d0f352a3de09e8717b146dbba9c9a27/timeouts HTTP/1.1[\r][\n]"
2018-10-16 16:48:21,430 DEBUG [Forwarding setTimeout on session 9d0f352a3de09e8717b146dbba9c9a27 to remote] wire:73 - http-outgoing-0 >> "Content-Type: application/json; charset=utf-8[\r][\n]"
2018-10-16 16:48:21,430 DEBUG [Forwarding setTimeout on session 9d0f352a3de09e8717b146dbba9c9a27 to remote] wire:73 - http-outgoing-0 >> "Content-Length: 31[\r][\n]"
2018-10-16 16:48:21,430 DEBUG [Forwarding setTimeout on session 9d0f352a3de09e8717b146dbba9c9a27 to remote] wire:73 - http-outgoing-0 >> "Host: localhost:14408[\r][\n]"
2018-10-16 16:48:21,430 DEBUG [Forwarding setTimeout on session 9d0f352a3de09e8717b146dbba9c9a27 to remote] wire:73 - http-outgoing-0 >> "Connection: Keep-Alive[\r][\n]"
2018-10-16 16:48:21,430 DEBUG [Forwarding setTimeout on session 9d0f352a3de09e8717b146dbba9c9a27 to remote] wire:73 - http-outgoing-0 >> "User-Agent: Apache-HttpClient/4.5.5 (Java/1.8.0_181)[\r][\n]"
2018-10-16 16:48:21,431 DEBUG [Forwarding setTimeout on session 9d0f352a3de09e8717b146dbba9c9a27 to remote] wire:73 - http-outgoing-0 >> "Accept-Encoding: gzip,deflate[\r][\n]"
2018-10-16 16:48:21,431 DEBUG [Forwarding setTimeout on session 9d0f352a3de09e8717b146dbba9c9a27 to remote] wire:73 - http-outgoing-0 >> "[\r][\n]"
2018-10-16 16:48:21,431 DEBUG [Forwarding setTimeout on session 9d0f352a3de09e8717b146dbba9c9a27 to remote] wire:87 - http-outgoing-0 >> "{"type":"page load","ms":40000}"
2018-10-16 16:48:21,436 DEBUG [Forwarding setTimeout on session 9d0f352a3de09e8717b146dbba9c9a27 to remote] wire:73 - http-outgoing-0 << "HTTP/1.1 200 OK[\r][\n]"
2018-10-16 16:48:21,436 DEBUG [Forwarding setTimeout on session 9d0f352a3de09e8717b146dbba9c9a27 to remote] wire:73 - http-outgoing-0 << "Content-Length:72[\r][\n]"
2018-10-16 16:48:21,437 DEBUG [Forwarding setTimeout on session 9d0f352a3de09e8717b146dbba9c9a27 to remote] wire:73 - http-outgoing-0 << "Content-Type:application/json; charset=utf-8[\r][\n]"
2018-10-16 16:48:21,437 DEBUG [Forwarding setTimeout on session 9d0f352a3de09e8717b146dbba9c9a27 to remote] wire:73 - http-outgoing-0 << "[\r][\n]"
2018-10-16 16:48:21,438 DEBUG [Forwarding setTimeout on session 9d0f352a3de09e8717b146dbba9c9a27 to remote] wire:87 - http-outgoing-0 << "{"sessionId":"9d0f352a3de09e8717b146dbba9c9a27","status":0,"value":null}"
2018-10-16 16:48:21,438 DEBUG [Forwarding setTimeout on session 9d0f352a3de09e8717b146dbba9c9a27 to remote] headers:122 - http-outgoing-0 << HTTP/1.1 200 OK
2018-10-16 16:48:21,438 DEBUG [Forwarding setTimeout on session 9d0f352a3de09e8717b146dbba9c9a27 to remote] headers:125 - http-outgoing-0 << Content-Length:72
2018-10-16 16:48:21,438 DEBUG [Forwarding setTimeout on session 9d0f352a3de09e8717b146dbba9c9a27 to remote] headers:125 - http-outgoing-0 << Content-Type:application/json; charset=utf-8
2018-10-16 16:48:21,439 DEBUG [Forwarding setTimeout on session 9d0f352a3de09e8717b146dbba9c9a27 to remote] MainClientExec:285 - Connection can be kept alive indefinitely
2018-10-16 16:48:21,439 DEBUG [Forwarding setTimeout on session 9d0f352a3de09e8717b146dbba9c9a27 to remote] PoolingHttpClientConnectionManager:341 - Connection [id: 0][route: {}->http://localhost:14408] can be kept alive indefinitely
2018-10-16 16:48:21,439 DEBUG [Forwarding setTimeout on session 9d0f352a3de09e8717b146dbba9c9a27 to remote] DefaultManagedHttpClientConnection:88 - http-outgoing-0: set socket timeout to 0
2018-10-16 16:48:21,439 DEBUG [Forwarding setTimeout on session 9d0f352a3de09e8717b146dbba9c9a27 to remote] PoolingHttpClientConnectionManager:348 - Connection released: [id: 0][route: {}->http://localhost:14408][total kept alive: 1; route allocated: 1 of 2000; total allocated: 1 of 2000]
2018-10-16 16:48:21,440 DEBUG [Forwarding setTimeout on session 9d0f352a3de09e8717b146dbba9c9a27 to remote] RequestAddCookies:123 - CookieSpec selected: default
2018-10-16 16:48:21,440 DEBUG [Forwarding setTimeout on session 9d0f352a3de09e8717b146dbba9c9a27 to remote] RequestAuthCache:77 - Auth cache not set in the context
2018-10-16 16:48:21,441 DEBUG [Forwarding setTimeout on session 9d0f352a3de09e8717b146dbba9c9a27 to remote] PoolingHttpClientConnectionManager:265 - Connection request: [route: {}->http://localhost:14408][total kept alive: 1; route allocated: 1 of 2000; total allocated: 1 of 2000]
2018-10-16 16:48:21,441 DEBUG [Forwarding setTimeout on session 9d0f352a3de09e8717b146dbba9c9a27 to remote] PoolingHttpClientConnectionManager:309 - Connection leased: [id: 0][route: {}->http://localhost:14408][total kept alive: 0; route allocated: 1 of 2000; total allocated: 1 of 2000]
2018-10-16 16:48:21,441 DEBUG [Forwarding setTimeout on session 9d0f352a3de09e8717b146dbba9c9a27 to remote] DefaultManagedHttpClientConnection:88 - http-outgoing-0: set socket timeout to 0
2018-10-16 16:48:21,441 DEBUG [Forwarding setTimeout on session 9d0f352a3de09e8717b146dbba9c9a27 to remote] MainClientExec:208 - Stale connection check
2018-10-16 16:48:21,443 DEBUG [Forwarding setTimeout on session 9d0f352a3de09e8717b146dbba9c9a27 to remote] wire:87 - http-outgoing-0 << "[read] I/O error: Read timed out"
2018-10-16 16:48:21,443 DEBUG [Forwarding setTimeout on session 9d0f352a3de09e8717b146dbba9c9a27 to remote] DefaultManagedHttpClientConnection:88 - http-outgoing-0: set socket timeout to 10800000
2018-10-16 16:48:21,443 DEBUG [Forwarding setTimeout on session 9d0f352a3de09e8717b146dbba9c9a27 to remote] MainClientExec:256 - Executing request POST /session/9d0f352a3de09e8717b146dbba9c9a27/timeouts HTTP/1.1
2018-10-16 16:48:21,443 DEBUG [Forwarding setTimeout on session 9d0f352a3de09e8717b146dbba9c9a27 to remote] MainClientExec:261 - Target auth state: UNCHALLENGED
2018-10-16 16:48:21,443 DEBUG [Forwarding setTimeout on session 9d0f352a3de09e8717b146dbba9c9a27 to remote] MainClientExec:267 - Proxy auth state: UNCHALLENGED
2018-10-16 16:48:21,444 DEBUG [Forwarding setTimeout on session 9d0f352a3de09e8717b146dbba9c9a27 to remote] headers:133 - http-outgoing-0 >> POST /session/9d0f352a3de09e8717b146dbba9c9a27/timeouts HTTP/1.1
2018-10-16 16:48:21,444 DEBUG [Forwarding setTimeout on session 9d0f352a3de09e8717b146dbba9c9a27 to remote] headers:136 - http-outgoing-0 >> Content-Type: application/json; charset=utf-8
2018-10-16 16:48:21,444 DEBUG [Forwarding setTimeout on session 9d0f352a3de09e8717b146dbba9c9a27 to remote] headers:136 - http-outgoing-0 >> Content-Length: 30
2018-10-16 16:48:21,444 DEBUG [Forwarding setTimeout on session 9d0f352a3de09e8717b146dbba9c9a27 to remote] headers:136 - http-outgoing-0 >> Host: localhost:14408
2018-10-16 16:48:21,444 DEBUG [Forwarding setTimeout on session 9d0f352a3de09e8717b146dbba9c9a27 to remote] headers:136 - http-outgoing-0 >> Connection: Keep-Alive
2018-10-16 16:48:21,444 DEBUG [Forwarding setTimeout on session 9d0f352a3de09e8717b146dbba9c9a27 to remote] headers:136 - http-outgoing-0 >> User-Agent: Apache-HttpClient/4.5.5 (Java/1.8.0_181)
2018-10-16 16:48:21,444 DEBUG [Forwarding setTimeout on session 9d0f352a3de09e8717b146dbba9c9a27 to remote] headers:136 - http-outgoing-0 >> Accept-Encoding: gzip,deflate
2018-10-16 16:48:21,445 DEBUG [Forwarding setTimeout on session 9d0f352a3de09e8717b146dbba9c9a27 to remote] wire:73 - http-outgoing-0 >> "POST /session/9d0f352a3de09e8717b146dbba9c9a27/timeouts HTTP/1.1[\r][\n]"
2018-10-16 16:48:21,445 DEBUG [Forwarding setTimeout on session 9d0f352a3de09e8717b146dbba9c9a27 to remote] wire:73 - http-outgoing-0 >> "Content-Type: application/json; charset=utf-8[\r][\n]"
2018-10-16 16:48:21,445 DEBUG [Forwarding setTimeout on session 9d0f352a3de09e8717b146dbba9c9a27 to remote] wire:73 - http-outgoing-0 >> "Content-Length: 30[\r][\n]"
2018-10-16 16:48:21,445 DEBUG [Forwarding setTimeout on session 9d0f352a3de09e8717b146dbba9c9a27 to remote] wire:73 - http-outgoing-0 >> "Host: localhost:14408[\r][\n]"
2018-10-16 16:48:21,445 DEBUG [Forwarding setTimeout on session 9d0f352a3de09e8717b146dbba9c9a27 to remote] wire:73 - http-outgoing-0 >> "Connection: Keep-Alive[\r][\n]"
2018-10-16 16:48:21,445 DEBUG [Forwarding setTimeout on session 9d0f352a3de09e8717b146dbba9c9a27 to remote] wire:73 - http-outgoing-0 >> "User-Agent: Apache-HttpClient/4.5.5 (Java/1.8.0_181)[\r][\n]"
2018-10-16 16:48:21,446 DEBUG [Forwarding setTimeout on session 9d0f352a3de09e8717b146dbba9c9a27 to remote] wire:73 - http-outgoing-0 >> "Accept-Encoding: gzip,deflate[\r][\n]"
2018-10-16 16:48:21,446 DEBUG [Forwarding setTimeout on session 9d0f352a3de09e8717b146dbba9c9a27 to remote] wire:73 - http-outgoing-0 >> "[\r][\n]"
2018-10-16 16:48:21,446 DEBUG [Forwarding setTimeout on session 9d0f352a3de09e8717b146dbba9c9a27 to remote] wire:87 - http-outgoing-0 >> "{"type":"implicit","ms":30000}"
2018-10-16 16:48:21,460 DEBUG [Forwarding setTimeout on session 9d0f352a3de09e8717b146dbba9c9a27 to remote] wire:73 - http-outgoing-0 << "HTTP/1.1 200 OK[\r][\n]"
2018-10-16 16:48:21,460 DEBUG [Forwarding setTimeout on session 9d0f352a3de09e8717b146dbba9c9a27 to remote] wire:73 - http-outgoing-0 << "Content-Length:72[\r][\n]"
2018-10-16 16:48:21,460 DEBUG [Forwarding setTimeout on session 9d0f352a3de09e8717b146dbba9c9a27 to remote] wire:73 - http-outgoing-0 << "Content-Type:application/json; charset=utf-8[\r][\n]"
2018-10-16 16:48:21,460 DEBUG [Forwarding setTimeout on session 9d0f352a3de09e8717b146dbba9c9a27 to remote] wire:73 - http-outgoing-0 << "[\r][\n]"
2018-10-16 16:48:21,460 DEBUG [Forwarding setTimeout on session 9d0f352a3de09e8717b146dbba9c9a27 to remote] wire:87 - http-outgoing-0 << "{"sessionId":"9d0f352a3de09e8717b146dbba9c9a27","status":0,"value":null}"
2018-10-16 16:48:21,461 DEBUG [Forwarding setTimeout on session 9d0f352a3de09e8717b146dbba9c9a27 to remote] headers:122 - http-outgoing-0 << HTTP/1.1 200 OK
2018-10-16 16:48:21,461 DEBUG [Forwarding setTimeout on session 9d0f352a3de09e8717b146dbba9c9a27 to remote] headers:125 - http-outgoing-0 << Content-Length:72
2018-10-16 16:48:21,461 DEBUG [Forwarding setTimeout on session 9d0f352a3de09e8717b146dbba9c9a27 to remote] headers:125 - http-outgoing-0 << Content-Type:application/json; charset=utf-8
2018-10-16 16:48:21,461 DEBUG [Forwarding setTimeout on session 9d0f352a3de09e8717b146dbba9c9a27 to remote] MainClientExec:285 - Connection can be kept alive indefinitely
2018-10-16 16:48:21,462 DEBUG [Forwarding setTimeout on session 9d0f352a3de09e8717b146dbba9c9a27 to remote] PoolingHttpClientConnectionManager:341 - Connection [id: 0][route: {}->http://localhost:14408] can be kept alive indefinitely
2018-10-16 16:48:21,462 DEBUG [Forwarding setTimeout on session 9d0f352a3de09e8717b146dbba9c9a27 to remote] DefaultManagedHttpClientConnection:88 - http-outgoing-0: set socket timeout to 0
2018-10-16 16:48:21,463 DEBUG [Forwarding setTimeout on session 9d0f352a3de09e8717b146dbba9c9a27 to remote] PoolingHttpClientConnectionManager:348 - Connection released: [id: 0][route: {}->http://localhost:14408][total kept alive: 1; route allocated: 1 of 2000; total allocated: 1 of 2000]
2018-10-16 16:48:21,472 DEBUG [Forwarding get on session 9d0f352a3de09e8717b146dbba9c9a27 to remote] RequestAddCookies:123 - CookieSpec selected: default
2018-10-16 16:48:21,472 DEBUG [Forwarding get on session 9d0f352a3de09e8717b146dbba9c9a27 to remote] RequestAuthCache:77 - Auth cache not set in the context
2018-10-16 16:48:21,473 DEBUG [Forwarding get on session 9d0f352a3de09e8717b146dbba9c9a27 to remote] PoolingHttpClientConnectionManager:265 - Connection request: [route: {}->http://localhost:14408][total kept alive: 1; route allocated: 1 of 2000; total allocated: 1 of 2000]
2018-10-16 16:48:21,473 DEBUG [Forwarding get on session 9d0f352a3de09e8717b146dbba9c9a27 to remote] PoolingHttpClientConnectionManager:309 - Connection leased: [id: 0][route: {}->http://localhost:14408][total kept alive: 0; route allocated: 1 of 2000; total allocated: 1 of 2000]
2018-10-16 16:48:21,473 DEBUG [Forwarding get on session 9d0f352a3de09e8717b146dbba9c9a27 to remote] DefaultManagedHttpClientConnection:88 - http-outgoing-0: set socket timeout to 0
2018-10-16 16:48:21,473 DEBUG [Forwarding get on session 9d0f352a3de09e8717b146dbba9c9a27 to remote] MainClientExec:208 - Stale connection check
2018-10-16 16:48:21,476 DEBUG [Forwarding get on session 9d0f352a3de09e8717b146dbba9c9a27 to remote] wire:87 - http-outgoing-0 << "[read] I/O error: Read timed out"
2018-10-16 16:48:21,476 DEBUG [Forwarding get on session 9d0f352a3de09e8717b146dbba9c9a27 to remote] DefaultManagedHttpClientConnection:88 - http-outgoing-0: set socket timeout to 10800000
2018-10-16 16:48:21,476 DEBUG [Forwarding get on session 9d0f352a3de09e8717b146dbba9c9a27 to remote] MainClientExec:256 - Executing request POST /session/9d0f352a3de09e8717b146dbba9c9a27/url HTTP/1.1
2018-10-16 16:48:21,476 DEBUG [Forwarding get on session 9d0f352a3de09e8717b146dbba9c9a27 to remote] MainClientExec:261 - Target auth state: UNCHALLENGED
2018-10-16 16:48:21,476 DEBUG [Forwarding get on session 9d0f352a3de09e8717b146dbba9c9a27 to remote] MainClientExec:267 - Proxy auth state: UNCHALLENGED
2018-10-16 16:48:21,477 DEBUG [Forwarding get on session 9d0f352a3de09e8717b146dbba9c9a27 to remote] headers:133 - http-outgoing-0 >> POST /session/9d0f352a3de09e8717b146dbba9c9a27/url HTTP/1.1
2018-10-16 16:48:21,477 DEBUG [Forwarding get on session 9d0f352a3de09e8717b146dbba9c9a27 to remote] headers:136 - http-outgoing-0 >> Content-Type: application/json; charset=utf-8
2018-10-16 16:48:21,477 DEBUG [Forwarding get on session 9d0f352a3de09e8717b146dbba9c9a27 to remote] headers:136 - http-outgoing-0 >> Content-Length: 52
2018-10-16 16:48:21,477 DEBUG [Forwarding get on session 9d0f352a3de09e8717b146dbba9c9a27 to remote] headers:136 - http-outgoing-0 >> Host: localhost:14408
2018-10-16 16:48:21,477 DEBUG [Forwarding get on session 9d0f352a3de09e8717b146dbba9c9a27 to remote] headers:136 - http-outgoing-0 >> Connection: Keep-Alive
2018-10-16 16:48:21,477 DEBUG [Forwarding get on session 9d0f352a3de09e8717b146dbba9c9a27 to remote] headers:136 - http-outgoing-0 >> User-Agent: Apache-HttpClient/4.5.5 (Java/1.8.0_181)
2018-10-16 16:48:21,477 DEBUG [Forwarding get on session 9d0f352a3de09e8717b146dbba9c9a27 to remote] headers:136 - http-outgoing-0 >> Accept-Encoding: gzip,deflate
2018-10-16 16:48:21,478 DEBUG [Forwarding get on session 9d0f352a3de09e8717b146dbba9c9a27 to remote] wire:73 - http-outgoing-0 >> "POST /session/9d0f352a3de09e8717b146dbba9c9a27/url HTTP/1.1[\r][\n]"
2018-10-16 16:48:21,478 DEBUG [Forwarding get on session 9d0f352a3de09e8717b146dbba9c9a27 to remote] wire:73 - http-outgoing-0 >> "Content-Type: application/json; charset=utf-8[\r][\n]"
2018-10-16 16:48:21,478 DEBUG [Forwarding get on session 9d0f352a3de09e8717b146dbba9c9a27 to remote] wire:73 - http-outgoing-0 >> "Content-Length: 52[\r][\n]"
2018-10-16 16:48:21,478 DEBUG [Forwarding get on session 9d0f352a3de09e8717b146dbba9c9a27 to remote] wire:73 - http-outgoing-0 >> "Host: localhost:14408[\r][\n]"
2018-10-16 16:48:21,479 DEBUG [Forwarding get on session 9d0f352a3de09e8717b146dbba9c9a27 to remote] wire:73 - http-outgoing-0 >> "Connection: Keep-Alive[\r][\n]"
2018-10-16 16:48:21,479 DEBUG [Forwarding get on session 9d0f352a3de09e8717b146dbba9c9a27 to remote] wire:73 - http-outgoing-0 >> "User-Agent: Apache-HttpClient/4.5.5 (Java/1.8.0_181)[\r][\n]"
2018-10-16 16:48:21,479 DEBUG [Forwarding get on session 9d0f352a3de09e8717b146dbba9c9a27 to remote] wire:73 - http-outgoing-0 >> "Accept-Encoding: gzip,deflate[\r][\n]"
2018-10-16 16:48:21,479 DEBUG [Forwarding get on session 9d0f352a3de09e8717b146dbba9c9a27 to remote] wire:73 - http-outgoing-0 >> "[\r][\n]"
2018-10-16 16:48:21,479 DEBUG [Forwarding get on session 9d0f352a3de09e8717b146dbba9c9a27 to remote] wire:87 - http-outgoing-0 >> "{"url":"http://the-internet.herokuapp.com/download"}"
2018-10-16 16:48:24,346 DEBUG [Forwarding get on session 9d0f352a3de09e8717b146dbba9c9a27 to remote] wire:73 - http-outgoing-0 << "HTTP/1.1 200 OK[\r][\n]"
2018-10-16 16:48:24,346 DEBUG [Forwarding get on session 9d0f352a3de09e8717b146dbba9c9a27 to remote] wire:73 - http-outgoing-0 << "Content-Length:72[\r][\n]"
2018-10-16 16:48:24,346 DEBUG [Forwarding get on session 9d0f352a3de09e8717b146dbba9c9a27 to remote] wire:73 - http-outgoing-0 << "Content-Type:application/json; charset=utf-8[\r][\n]"
2018-10-16 16:48:24,346 DEBUG [Forwarding get on session 9d0f352a3de09e8717b146dbba9c9a27 to remote] wire:73 - http-outgoing-0 << "[\r][\n]"
2018-10-16 16:48:24,347 DEBUG [Forwarding get on session 9d0f352a3de09e8717b146dbba9c9a27 to remote] wire:87 - http-outgoing-0 << "{"sessionId":"9d0f352a3de09e8717b146dbba9c9a27","status":0,"value":null}"
2018-10-16 16:48:24,347 DEBUG [Forwarding get on session 9d0f352a3de09e8717b146dbba9c9a27 to remote] headers:122 - http-outgoing-0 << HTTP/1.1 200 OK
2018-10-16 16:48:24,347 DEBUG [Forwarding get on session 9d0f352a3de09e8717b146dbba9c9a27 to remote] headers:125 - http-outgoing-0 << Content-Length:72
2018-10-16 16:48:24,347 DEBUG [Forwarding get on session 9d0f352a3de09e8717b146dbba9c9a27 to remote] headers:125 - http-outgoing-0 << Content-Type:application/json; charset=utf-8
2018-10-16 16:48:24,347 DEBUG [Forwarding get on session 9d0f352a3de09e8717b146dbba9c9a27 to remote] MainClientExec:285 - Connection can be kept alive indefinitely
2018-10-16 16:48:24,347 DEBUG [Forwarding get on session 9d0f352a3de09e8717b146dbba9c9a27 to remote] PoolingHttpClientConnectionManager:341 - Connection [id: 0][route: {}->http://localhost:14408] can be kept alive indefinitely
2018-10-16 16:48:24,348 DEBUG [Forwarding get on session 9d0f352a3de09e8717b146dbba9c9a27 to remote] DefaultManagedHttpClientConnection:88 - http-outgoing-0: set socket timeout to 0
2018-10-16 16:48:24,348 DEBUG [Forwarding get on session 9d0f352a3de09e8717b146dbba9c9a27 to remote] PoolingHttpClientConnectionManager:348 - Connection released: [id: 0][route: {}->http://localhost:14408][total kept alive: 1; route allocated: 1 of 2000; total allocated: 1 of 2000]
2018-10-16 16:48:24,352 DEBUG [Forwarding findElement on session 9d0f352a3de09e8717b146dbba9c9a27 to remote] RequestAddCookies:123 - CookieSpec selected: default
2018-10-16 16:48:24,353 DEBUG [Forwarding findElement on session 9d0f352a3de09e8717b146dbba9c9a27 to remote] RequestAuthCache:77 - Auth cache not set in the context
2018-10-16 16:48:24,353 DEBUG [Forwarding findElement on session 9d0f352a3de09e8717b146dbba9c9a27 to remote] PoolingHttpClientConnectionManager:265 - Connection request: [route: {}->http://localhost:14408][total kept alive: 1; route allocated: 1 of 2000; total allocated: 1 of 2000]
2018-10-16 16:48:24,353 DEBUG [Forwarding findElement on session 9d0f352a3de09e8717b146dbba9c9a27 to remote] PoolingHttpClientConnectionManager:309 - Connection leased: [id: 0][route: {}->http://localhost:14408][total kept alive: 0; route allocated: 1 of 2000; total allocated: 1 of 2000]
2018-10-16 16:48:24,353 DEBUG [Forwarding findElement on session 9d0f352a3de09e8717b146dbba9c9a27 to remote] DefaultManagedHttpClientConnection:88 - http-outgoing-0: set socket timeout to 0
2018-10-16 16:48:24,353 DEBUG [Forwarding findElement on session 9d0f352a3de09e8717b146dbba9c9a27 to remote] MainClientExec:208 - Stale connection check
2018-10-16 16:48:24,354 DEBUG [Forwarding findElement on session 9d0f352a3de09e8717b146dbba9c9a27 to remote] wire:87 - http-outgoing-0 << "[read] I/O error: Read timed out"
2018-10-16 16:48:24,354 DEBUG [Forwarding findElement on session 9d0f352a3de09e8717b146dbba9c9a27 to remote] DefaultManagedHttpClientConnection:88 - http-outgoing-0: set socket timeout to 10800000
2018-10-16 16:48:24,354 DEBUG [Forwarding findElement on session 9d0f352a3de09e8717b146dbba9c9a27 to remote] MainClientExec:256 - Executing request POST /session/9d0f352a3de09e8717b146dbba9c9a27/element HTTP/1.1
2018-10-16 16:48:24,354 DEBUG [Forwarding findElement on session 9d0f352a3de09e8717b146dbba9c9a27 to remote] MainClientExec:261 - Target auth state: UNCHALLENGED
2018-10-16 16:48:24,354 DEBUG [Forwarding findElement on session 9d0f352a3de09e8717b146dbba9c9a27 to remote] MainClientExec:267 - Proxy auth state: UNCHALLENGED
2018-10-16 16:48:24,354 DEBUG [Forwarding findElement on session 9d0f352a3de09e8717b146dbba9c9a27 to remote] headers:133 - http-outgoing-0 >> POST /session/9d0f352a3de09e8717b146dbba9c9a27/element HTTP/1.1
2018-10-16 16:48:24,355 DEBUG [Forwarding findElement on session 9d0f352a3de09e8717b146dbba9c9a27 to remote] headers:136 - http-outgoing-0 >> Content-Type: application/json; charset=utf-8
2018-10-16 16:48:24,355 DEBUG [Forwarding findElement on session 9d0f352a3de09e8717b146dbba9c9a27 to remote] headers:136 - http-outgoing-0 >> Content-Length: 85
2018-10-16 16:48:24,355 DEBUG [Forwarding findElement on session 9d0f352a3de09e8717b146dbba9c9a27 to remote] headers:136 - http-outgoing-0 >> Host: localhost:14408
2018-10-16 16:48:24,355 DEBUG [Forwarding findElement on session 9d0f352a3de09e8717b146dbba9c9a27 to remote] headers:136 - http-outgoing-0 >> Connection: Keep-Alive
2018-10-16 16:48:24,355 DEBUG [Forwarding findElement on session 9d0f352a3de09e8717b146dbba9c9a27 to remote] headers:136 - http-outgoing-0 >> User-Agent: Apache-HttpClient/4.5.5 (Java/1.8.0_181)
2018-10-16 16:48:24,355 DEBUG [Forwarding findElement on session 9d0f352a3de09e8717b146dbba9c9a27 to remote] headers:136 - http-outgoing-0 >> Accept-Encoding: gzip,deflate
2018-10-16 16:48:24,355 DEBUG [Forwarding findElement on session 9d0f352a3de09e8717b146dbba9c9a27 to remote] wire:73 - http-outgoing-0 >> "POST /session/9d0f352a3de09e8717b146dbba9c9a27/element HTTP/1.1[\r][\n]"
2018-10-16 16:48:24,355 DEBUG [Forwarding findElement on session 9d0f352a3de09e8717b146dbba9c9a27 to remote] wire:73 - http-outgoing-0 >> "Content-Type: application/json; charset=utf-8[\r][\n]"
2018-10-16 16:48:24,355 DEBUG [Forwarding findElement on session 9d0f352a3de09e8717b146dbba9c9a27 to remote] wire:73 - http-outgoing-0 >> "Content-Length: 85[\r][\n]"
2018-10-16 16:48:24,356 DEBUG [Forwarding findElement on session 9d0f352a3de09e8717b146dbba9c9a27 to remote] wire:73 - http-outgoing-0 >> "Host: localhost:14408[\r][\n]"
2018-10-16 16:48:24,356 DEBUG [Forwarding findElement on session 9d0f352a3de09e8717b146dbba9c9a27 to remote] wire:73 - http-outgoing-0 >> "Connection: Keep-Alive[\r][\n]"
2018-10-16 16:48:24,356 DEBUG [Forwarding findElement on session 9d0f352a3de09e8717b146dbba9c9a27 to remote] wire:73 - http-outgoing-0 >> "User-Agent: Apache-HttpClient/4.5.5 (Java/1.8.0_181)[\r][\n]"
2018-10-16 16:48:24,356 DEBUG [Forwarding findElement on session 9d0f352a3de09e8717b146dbba9c9a27 to remote] wire:73 - http-outgoing-0 >> "Accept-Encoding: gzip,deflate[\r][\n]"
2018-10-16 16:48:24,356 DEBUG [Forwarding findElement on session 9d0f352a3de09e8717b146dbba9c9a27 to remote] wire:73 - http-outgoing-0 >> "[\r][\n]"
2018-10-16 16:48:24,356 DEBUG [Forwarding findElement on session 9d0f352a3de09e8717b146dbba9c9a27 to remote] wire:87 - http-outgoing-0 >> "{"using":"xpath","value":"//div[@class='example']/a[@href='download/some-file.txt']"}"
2018-10-16 16:48:24,384 DEBUG [Forwarding findElement on session 9d0f352a3de09e8717b146dbba9c9a27 to remote] wire:73 - http-outgoing-0 << "HTTP/1.1 200 OK[\r][\n]"
2018-10-16 16:48:24,385 DEBUG [Forwarding findElement on session 9d0f352a3de09e8717b146dbba9c9a27 to remote] wire:73 - http-outgoing-0 << "Content-Length:102[\r][\n]"
2018-10-16 16:48:24,385 DEBUG [Forwarding findElement on session 9d0f352a3de09e8717b146dbba9c9a27 to remote] wire:73 - http-outgoing-0 << "Content-Type:application/json; charset=utf-8[\r][\n]"
2018-10-16 16:48:24,385 DEBUG [Forwarding findElement on session 9d0f352a3de09e8717b146dbba9c9a27 to remote] wire:73 - http-outgoing-0 << "[\r][\n]"
2018-10-16 16:48:24,385 DEBUG [Forwarding findElement on session 9d0f352a3de09e8717b146dbba9c9a27 to remote] wire:87 - http-outgoing-0 << "{"sessionId":"9d0f352a3de09e8717b146dbba9c9a27","status":0,"value":{"ELEMENT":"0.9633543079524454-1"}}"
2018-10-16 16:48:24,385 DEBUG [Forwarding findElement on session 9d0f352a3de09e8717b146dbba9c9a27 to remote] headers:122 - http-outgoing-0 << HTTP/1.1 200 OK
2018-10-16 16:48:24,385 DEBUG [Forwarding findElement on session 9d0f352a3de09e8717b146dbba9c9a27 to remote] headers:125 - http-outgoing-0 << Content-Length:102
2018-10-16 16:48:24,386 DEBUG [Forwarding findElement on session 9d0f352a3de09e8717b146dbba9c9a27 to remote] headers:125 - http-outgoing-0 << Content-Type:application/json; charset=utf-8
2018-10-16 16:48:24,386 DEBUG [Forwarding findElement on session 9d0f352a3de09e8717b146dbba9c9a27 to remote] MainClientExec:285 - Connection can be kept alive indefinitely
2018-10-16 16:48:24,386 DEBUG [Forwarding findElement on session 9d0f352a3de09e8717b146dbba9c9a27 to remote] PoolingHttpClientConnectionManager:341 - Connection [id: 0][route: {}->http://localhost:14408] can be kept alive indefinitely
2018-10-16 16:48:24,386 DEBUG [Forwarding findElement on session 9d0f352a3de09e8717b146dbba9c9a27 to remote] DefaultManagedHttpClientConnection:88 - http-outgoing-0: set socket timeout to 0
2018-10-16 16:48:24,386 DEBUG [Forwarding findElement on session 9d0f352a3de09e8717b146dbba9c9a27 to remote] PoolingHttpClientConnectionManager:348 - Connection released: [id: 0][route: {}->http://localhost:14408][total kept alive: 1; route allocated: 1 of 2000; total allocated: 1 of 2000]
2018-10-16 16:48:24,388 DEBUG [Forwarding clickElement on session 9d0f352a3de09e8717b146dbba9c9a27 to remote] RequestAddCookies:123 - CookieSpec selected: default
2018-10-16 16:48:24,389 DEBUG [Forwarding clickElement on session 9d0f352a3de09e8717b146dbba9c9a27 to remote] RequestAuthCache:77 - Auth cache not set in the context
2018-10-16 16:48:24,389 DEBUG [Forwarding clickElement on session 9d0f352a3de09e8717b146dbba9c9a27 to remote] PoolingHttpClientConnectionManager:265 - Connection request: [route: {}->http://localhost:14408][total kept alive: 1; route allocated: 1 of 2000; total allocated: 1 of 2000]
2018-10-16 16:48:24,389 DEBUG [Forwarding clickElement on session 9d0f352a3de09e8717b146dbba9c9a27 to remote] PoolingHttpClientConnectionManager:309 - Connection leased: [id: 0][route: {}->http://localhost:14408][total kept alive: 0; route allocated: 1 of 2000; total allocated: 1 of 2000]
2018-10-16 16:48:24,389 DEBUG [Forwarding clickElement on session 9d0f352a3de09e8717b146dbba9c9a27 to remote] DefaultManagedHttpClientConnection:88 - http-outgoing-0: set socket timeout to 0
2018-10-16 16:48:24,389 DEBUG [Forwarding clickElement on session 9d0f352a3de09e8717b146dbba9c9a27 to remote] MainClientExec:208 - Stale connection check
2018-10-16 16:48:24,390 DEBUG [Forwarding clickElement on session 9d0f352a3de09e8717b146dbba9c9a27 to remote] wire:87 - http-outgoing-0 << "[read] I/O error: Read timed out"
2018-10-16 16:48:24,390 DEBUG [Forwarding clickElement on session 9d0f352a3de09e8717b146dbba9c9a27 to remote] DefaultManagedHttpClientConnection:88 - http-outgoing-0: set socket timeout to 10800000
2018-10-16 16:48:24,390 DEBUG [Forwarding clickElement on session 9d0f352a3de09e8717b146dbba9c9a27 to remote] MainClientExec:256 - Executing request POST /session/9d0f352a3de09e8717b146dbba9c9a27/element/0.9633543079524454-1/click HTTP/1.1
2018-10-16 16:48:24,390 DEBUG [Forwarding clickElement on session 9d0f352a3de09e8717b146dbba9c9a27 to remote] MainClientExec:261 - Target auth state: UNCHALLENGED
2018-10-16 16:48:24,390 DEBUG [Forwarding clickElement on session 9d0f352a3de09e8717b146dbba9c9a27 to remote] MainClientExec:267 - Proxy auth state: UNCHALLENGED
2018-10-16 16:48:24,390 DEBUG [Forwarding clickElement on session 9d0f352a3de09e8717b146dbba9c9a27 to remote] headers:133 - http-outgoing-0 >> POST /session/9d0f352a3de09e8717b146dbba9c9a27/element/0.9633543079524454-1/click HTTP/1.1
2018-10-16 16:48:24,390 DEBUG [Forwarding clickElement on session 9d0f352a3de09e8717b146dbba9c9a27 to remote] headers:136 - http-outgoing-0 >> Content-Type: application/json; charset=utf-8
2018-10-16 16:48:24,390 DEBUG [Forwarding clickElement on session 9d0f352a3de09e8717b146dbba9c9a27 to remote] headers:136 - http-outgoing-0 >> Content-Length: 29
2018-10-16 16:48:24,390 DEBUG [Forwarding clickElement on session 9d0f352a3de09e8717b146dbba9c9a27 to remote] headers:136 - http-outgoing-0 >> Host: localhost:14408
2018-10-16 16:48:24,391 DEBUG [Forwarding clickElement on session 9d0f352a3de09e8717b146dbba9c9a27 to remote] headers:136 - http-outgoing-0 >> Connection: Keep-Alive
2018-10-16 16:48:24,391 DEBUG [Forwarding clickElement on session 9d0f352a3de09e8717b146dbba9c9a27 to remote] headers:136 - http-outgoing-0 >> User-Agent: Apache-HttpClient/4.5.5 (Java/1.8.0_181)
2018-10-16 16:48:24,391 DEBUG [Forwarding clickElement on session 9d0f352a3de09e8717b146dbba9c9a27 to remote] headers:136 - http-outgoing-0 >> Accept-Encoding: gzip,deflate
2018-10-16 16:48:24,391 DEBUG [Forwarding clickElement on session 9d0f352a3de09e8717b146dbba9c9a27 to remote] wire:73 - http-outgoing-0 >> "POST /session/9d0f352a3de09e8717b146dbba9c9a27/element/0.9633543079524454-1/click HTTP/1.1[\r][\n]"
2018-10-16 16:48:24,391 DEBUG [Forwarding clickElement on session 9d0f352a3de09e8717b146dbba9c9a27 to remote] wire:73 - http-outgoing-0 >> "Content-Type: application/json; charset=utf-8[\r][\n]"
2018-10-16 16:48:24,391 DEBUG [Forwarding clickElement on session 9d0f352a3de09e8717b146dbba9c9a27 to remote] wire:73 - http-outgoing-0 >> "Content-Length: 29[\r][\n]"
2018-10-16 16:48:24,391 DEBUG [Forwarding clickElement on session 9d0f352a3de09e8717b146dbba9c9a27 to remote] wire:73 - http-outgoing-0 >> "Host: localhost:14408[\r][\n]"
2018-10-16 16:48:24,391 DEBUG [Forwarding clickElement on session 9d0f352a3de09e8717b146dbba9c9a27 to remote] wire:73 - http-outgoing-0 >> "Connection: Keep-Alive[\r][\n]"
2018-10-16 16:48:24,391 DEBUG [Forwarding clickElement on session 9d0f352a3de09e8717b146dbba9c9a27 to remote] wire:73 - http-outgoing-0 >> "User-Agent: Apache-HttpClient/4.5.5 (Java/1.8.0_181)[\r][\n]"
2018-10-16 16:48:24,392 DEBUG [Forwarding clickElement on session 9d0f352a3de09e8717b146dbba9c9a27 to remote] wire:73 - http-outgoing-0 >> "Accept-Encoding: gzip,deflate[\r][\n]"
2018-10-16 16:48:24,392 DEBUG [Forwarding clickElement on session 9d0f352a3de09e8717b146dbba9c9a27 to remote] wire:73 - http-outgoing-0 >> "[\r][\n]"
2018-10-16 16:48:24,392 DEBUG [Forwarding clickElement on session 9d0f352a3de09e8717b146dbba9c9a27 to remote] wire:87 - http-outgoing-0 >> "{"id":"0.9633543079524454-1"}"
2018-10-16 16:48:24,775 DEBUG [Forwarding clickElement on session 9d0f352a3de09e8717b146dbba9c9a27 to remote] wire:73 - http-outgoing-0 << "HTTP/1.1 200 OK[\r][\n]"
2018-10-16 16:48:24,776 DEBUG [Forwarding clickElement on session 9d0f352a3de09e8717b146dbba9c9a27 to remote] wire:73 - http-outgoing-0 << "Content-Length:72[\r][\n]"
2018-10-16 16:48:24,777 DEBUG [Forwarding clickElement on session 9d0f352a3de09e8717b146dbba9c9a27 to remote] wire:73 - http-outgoing-0 << "Content-Type:application/json; charset=utf-8[\r][\n]"
2018-10-16 16:48:24,777 DEBUG [Forwarding clickElement on session 9d0f352a3de09e8717b146dbba9c9a27 to remote] wire:73 - http-outgoing-0 << "[\r][\n]"
2018-10-16 16:48:24,778 DEBUG [Forwarding clickElement on session 9d0f352a3de09e8717b146dbba9c9a27 to remote] wire:87 - http-outgoing-0 << "{"sessionId":"9d0f352a3de09e8717b146dbba9c9a27","status":0,"value":null}"
2018-10-16 16:48:24,779 DEBUG [Forwarding clickElement on session 9d0f352a3de09e8717b146dbba9c9a27 to remote] headers:122 - http-outgoing-0 << HTTP/1.1 200 OK
2018-10-16 16:48:24,779 DEBUG [Forwarding clickElement on session 9d0f352a3de09e8717b146dbba9c9a27 to remote] headers:125 - http-outgoing-0 << Content-Length:72
2018-10-16 16:48:24,780 DEBUG [Forwarding clickElement on session 9d0f352a3de09e8717b146dbba9c9a27 to remote] headers:125 - http-outgoing-0 << Content-Type:application/json; charset=utf-8
2018-10-16 16:48:24,781 DEBUG [Forwarding clickElement on session 9d0f352a3de09e8717b146dbba9c9a27 to remote] MainClientExec:285 - Connection can be kept alive indefinitely
2018-10-16 16:48:24,781 DEBUG [Forwarding clickElement on session 9d0f352a3de09e8717b146dbba9c9a27 to remote] PoolingHttpClientConnectionManager:341 - Connection [id: 0][route: {}->http://localhost:14408] can be kept alive indefinitely
2018-10-16 16:48:24,782 DEBUG [Forwarding clickElement on session 9d0f352a3de09e8717b146dbba9c9a27 to remote] DefaultManagedHttpClientConnection:88 - http-outgoing-0: set socket timeout to 0
2018-10-16 16:48:24,783 DEBUG [Forwarding clickElement on session 9d0f352a3de09e8717b146dbba9c9a27 to remote] PoolingHttpClientConnectionManager:348 - Connection released: [id: 0][route: {}->http://localhost:14408][total kept alive: 1; route allocated: 1 of 2000; total allocated: 1 of 2000]
2018-10-16 16:48:26,789 DEBUG [Forwarding quit on session 9d0f352a3de09e8717b146dbba9c9a27 to remote] RequestAddCookies:123 - CookieSpec selected: default
2018-10-16 16:48:26,789 DEBUG [Forwarding quit on session 9d0f352a3de09e8717b146dbba9c9a27 to remote] RequestAuthCache:77 - Auth cache not set in the context
2018-10-16 16:48:26,789 DEBUG [Forwarding quit on session 9d0f352a3de09e8717b146dbba9c9a27 to remote] PoolingHttpClientConnectionManager:265 - Connection request: [route: {}->http://localhost:14408][total kept alive: 1; route allocated: 1 of 2000; total allocated: 1 of 2000]
2018-10-16 16:48:26,792 DEBUG [Forwarding quit on session 9d0f352a3de09e8717b146dbba9c9a27 to remote] wire:87 - http-outgoing-0 << "[read] I/O error: Read timed out"
2018-10-16 16:48:26,792 DEBUG [Forwarding quit on session 9d0f352a3de09e8717b146dbba9c9a27 to remote] PoolingHttpClientConnectionManager:309 - Connection leased: [id: 0][route: {}->http://localhost:14408][total kept alive: 0; route allocated: 1 of 2000; total allocated: 1 of 2000]
2018-10-16 16:48:26,792 DEBUG [Forwarding quit on session 9d0f352a3de09e8717b146dbba9c9a27 to remote] DefaultManagedHttpClientConnection:88 - http-outgoing-0: set socket timeout to 0
2018-10-16 16:48:26,792 DEBUG [Forwarding quit on session 9d0f352a3de09e8717b146dbba9c9a27 to remote] MainClientExec:208 - Stale connection check
2018-10-16 16:48:26,794 DEBUG [Forwarding quit on session 9d0f352a3de09e8717b146dbba9c9a27 to remote] wire:87 - http-outgoing-0 << "[read] I/O error: Read timed out"
2018-10-16 16:48:26,794 DEBUG [Forwarding quit on session 9d0f352a3de09e8717b146dbba9c9a27 to remote] DefaultManagedHttpClientConnection:88 - http-outgoing-0: set socket timeout to 10800000
2018-10-16 16:48:26,794 DEBUG [Forwarding quit on session 9d0f352a3de09e8717b146dbba9c9a27 to remote] MainClientExec:256 - Executing request DELETE /session/9d0f352a3de09e8717b146dbba9c9a27 HTTP/1.1
2018-10-16 16:48:26,794 DEBUG [Forwarding quit on session 9d0f352a3de09e8717b146dbba9c9a27 to remote] MainClientExec:261 - Target auth state: UNCHALLENGED
2018-10-16 16:48:26,794 DEBUG [Forwarding quit on session 9d0f352a3de09e8717b146dbba9c9a27 to remote] MainClientExec:267 - Proxy auth state: UNCHALLENGED
2018-10-16 16:48:26,794 DEBUG [Forwarding quit on session 9d0f352a3de09e8717b146dbba9c9a27 to remote] headers:133 - http-outgoing-0 >> DELETE /session/9d0f352a3de09e8717b146dbba9c9a27 HTTP/1.1
2018-10-16 16:48:26,794 DEBUG [Forwarding quit on session 9d0f352a3de09e8717b146dbba9c9a27 to remote] headers:136 - http-outgoing-0 >> Host: localhost:14408
2018-10-16 16:48:26,794 DEBUG [Forwarding quit on session 9d0f352a3de09e8717b146dbba9c9a27 to remote] headers:136 - http-outgoing-0 >> Connection: Keep-Alive
2018-10-16 16:48:26,795 DEBUG [Forwarding quit on session 9d0f352a3de09e8717b146dbba9c9a27 to remote] headers:136 - http-outgoing-0 >> User-Agent: Apache-HttpClient/4.5.5 (Java/1.8.0_181)
2018-10-16 16:48:26,795 DEBUG [Forwarding quit on session 9d0f352a3de09e8717b146dbba9c9a27 to remote] headers:136 - http-outgoing-0 >> Accept-Encoding: gzip,deflate
2018-10-16 16:48:26,795 DEBUG [Forwarding quit on session 9d0f352a3de09e8717b146dbba9c9a27 to remote] wire:73 - http-outgoing-0 >> "DELETE /session/9d0f352a3de09e8717b146dbba9c9a27 HTTP/1.1[\r][\n]"
2018-10-16 16:48:26,795 DEBUG [Forwarding quit on session 9d0f352a3de09e8717b146dbba9c9a27 to remote] wire:73 - http-outgoing-0 >> "Host: localhost:14408[\r][\n]"
2018-10-16 16:48:26,795 DEBUG [Forwarding quit on session 9d0f352a3de09e8717b146dbba9c9a27 to remote] wire:73 - http-outgoing-0 >> "Connection: Keep-Alive[\r][\n]"
2018-10-16 16:48:26,795 DEBUG [Forwarding quit on session 9d0f352a3de09e8717b146dbba9c9a27 to remote] wire:73 - http-outgoing-0 >> "User-Agent: Apache-HttpClient/4.5.5 (Java/1.8.0_181)[\r][\n]"
2018-10-16 16:48:26,795 DEBUG [Forwarding quit on session 9d0f352a3de09e8717b146dbba9c9a27 to remote] wire:73 - http-outgoing-0 >> "Accept-Encoding: gzip,deflate[\r][\n]"
2018-10-16 16:48:26,795 DEBUG [Forwarding quit on session 9d0f352a3de09e8717b146dbba9c9a27 to remote] wire:73 - http-outgoing-0 >> "[\r][\n]"
2018-10-16 16:48:26,856 DEBUG [Forwarding quit on session 9d0f352a3de09e8717b146dbba9c9a27 to remote] wire:73 - http-outgoing-0 << "HTTP/1.1 200 OK[\r][\n]"
2018-10-16 16:48:26,857 DEBUG [Forwarding quit on session 9d0f352a3de09e8717b146dbba9c9a27 to remote] wire:73 - http-outgoing-0 << "Content-Length:72[\r][\n]"
2018-10-16 16:48:26,857 DEBUG [Forwarding quit on session 9d0f352a3de09e8717b146dbba9c9a27 to remote] wire:73 - http-outgoing-0 << "Content-Type:application/json; charset=utf-8[\r][\n]"
2018-10-16 16:48:26,857 DEBUG [Forwarding quit on session 9d0f352a3de09e8717b146dbba9c9a27 to remote] wire:73 - http-outgoing-0 << "[\r][\n]"
2018-10-16 16:48:26,857 DEBUG [Forwarding quit on session 9d0f352a3de09e8717b146dbba9c9a27 to remote] wire:87 - http-outgoing-0 << "{"sessionId":"9d0f352a3de09e8717b146dbba9c9a27","status":0,"value":null}"
2018-10-16 16:48:26,857 DEBUG [Forwarding quit on session 9d0f352a3de09e8717b146dbba9c9a27 to remote] headers:122 - http-outgoing-0 << HTTP/1.1 200 OK
2018-10-16 16:48:26,858 DEBUG [Forwarding quit on session 9d0f352a3de09e8717b146dbba9c9a27 to remote] headers:125 - http-outgoing-0 << Content-Length:72
2018-10-16 16:48:26,858 DEBUG [Forwarding quit on session 9d0f352a3de09e8717b146dbba9c9a27 to remote] headers:125 - http-outgoing-0 << Content-Type:application/json; charset=utf-8
2018-10-16 16:48:26,858 DEBUG [Forwarding quit on session 9d0f352a3de09e8717b146dbba9c9a27 to remote] MainClientExec:285 - Connection can be kept alive indefinitely
2018-10-16 16:48:26,858 DEBUG [Forwarding quit on session 9d0f352a3de09e8717b146dbba9c9a27 to remote] PoolingHttpClientConnectionManager:341 - Connection [id: 0][route: {}->http://localhost:14408] can be kept alive indefinitely
2018-10-16 16:48:26,858 DEBUG [Forwarding quit on session 9d0f352a3de09e8717b146dbba9c9a27 to remote] DefaultManagedHttpClientConnection:88 - http-outgoing-0: set socket timeout to 0
2018-10-16 16:48:26,859 DEBUG [Forwarding quit on session 9d0f352a3de09e8717b146dbba9c9a27 to remote] PoolingHttpClientConnectionManager:348 - Connection released: [id: 0][route: {}->http://localhost:14408][total kept alive: 1; route allocated: 1 of 2000; total allocated: 1 of 2000]
2018-10-16 16:48:26,860 DEBUG [Forwarding quit on session 9d0f352a3de09e8717b146dbba9c9a27 to remote] PoolingHttpClientConnectionManager:421 - Closing connections idle longer than 0 SECONDS
2018-10-16 16:48:26,861 DEBUG [Forwarding quit on session 9d0f352a3de09e8717b146dbba9c9a27 to remote] DefaultManagedHttpClientConnection:79 - http-outgoing-0: Close connection
